[debug] [2022-03-14T08:03:41.125Z] ----------------------------------------------------------------------
[debug] [2022-03-14T08:03:41.126Z] Command:       /usr/local/bin/node /usr/local/bin/firebase deploy
[debug] [2022-03-14T08:03:41.127Z] CLI Version:   10.2.2
[debug] [2022-03-14T08:03:41.127Z] Platform:      darwin
[debug] [2022-03-14T08:03:41.127Z] Node Version:  v14.17.0
[debug] [2022-03-14T08:03:41.132Z] Time:          Mon Mar 14 2022 16:03:41 GMT+0800 (香港標準時間)
[debug] [2022-03-14T08:03:41.133Z] ----------------------------------------------------------------------
[debug] 
[debug] [2022-03-14T08:03:41.185Z] > command requires scopes: ["email","openid","https://www.googleapis.com/auth/cloudplatformprojects.readonly","https://www.googleapis.com/auth/firebase","https://www.googleapis.com/auth/cloud-platform"]
[debug] [2022-03-14T08:03:41.185Z] > authorizing via signed-in user (tkohnsd2021@gmail.com)
[debug] [2022-03-14T08:03:41.185Z] [iam] checking project tkoh-private-collaboration for permissions ["firebase.projects.get","firebasehosting.sites.update"]
[debug] [2022-03-14T08:03:41.187Z] > refreshing access token with scopes: []
[debug] [2022-03-14T08:03:41.188Z] >>> HTTP REQUEST POST https://www.googleapis.com/oauth2/v3/token  
 <request body omitted>
[debug] [2022-03-14T08:03:43.766Z] <<< HTTP RESPONSE 200 {"pragma":"no-cache","date":"Mon, 14 Mar 2022 08:03:43 GMT","expires":"Mon, 01 Jan 1990 00:00:00 GMT","cache-control":"no-cache, no-store, max-age=0, must-revalidate","content-type":"application/json; charset=utf-8","vary":"X-Origin, Referer, Origin,Accept-Encoding","server":"scaffolding on HTTPServer2","x-xss-protection":"0","x-frame-options":"SAMEORIGIN","x-content-type-options":"nosniff","alt-svc":"h3=\":443\"; ma=2592000,h3-29=\":443\"; ma=2592000,h3-Q050=\":443\"; ma=2592000,h3-Q046=\":443\"; ma=2592000,h3-Q043=\":443\"; ma=2592000,quic=\":443\"; ma=2592000; v=\"46,43\"","accept-ranges":"none","transfer-encoding":"chunked"}
[debug] [2022-03-14T08:03:43.822Z] >>> [apiv2][query] POST https://cloudresourcemanager.googleapis.com/v1/projects/tkoh-private-collaboration:testIamPermissions [none]
[debug] [2022-03-14T08:03:43.822Z] >>> [apiv2][body] POST https://cloudresourcemanager.googleapis.com/v1/projects/tkoh-private-collaboration:testIamPermissions {"permissions":["firebase.projects.get","firebasehosting.sites.update"]}
[debug] [2022-03-14T08:03:44.148Z] <<< [apiv2][status] POST https://cloudresourcemanager.googleapis.com/v1/projects/tkoh-private-collaboration:testIamPermissions 200
[debug] [2022-03-14T08:03:44.148Z] <<< [apiv2][body] POST https://cloudresourcemanager.googleapis.com/v1/projects/tkoh-private-collaboration:testIamPermissions {"permissions":["firebase.projects.get","firebasehosting.sites.update"]}
[debug] [2022-03-14T08:03:44.150Z] >>> [apiv2][query] GET https://firebase.googleapis.com/v1beta1/projects/tkoh-private-collaboration [none]
[debug] [2022-03-14T08:03:44.764Z] <<< [apiv2][status] GET https://firebase.googleapis.com/v1beta1/projects/tkoh-private-collaboration 200
[debug] [2022-03-14T08:03:44.764Z] <<< [apiv2][body] GET https://firebase.googleapis.com/v1beta1/projects/tkoh-private-collaboration {"projectId":"tkoh-private-collaboration","projectNumber":"490138318587","displayName":"TKOH Private Collaboration","name":"projects/tkoh-private-collaboration","resources":{"hostingSite":"tkoh-private-collaboration","storageBucket":"tkoh-private-collaboration.appspot.com","locationId":"asia-southeast1"},"state":"ACTIVE"}
[info] 
[info] === Deploying to 'tkoh-private-collaboration'...
[info] 
[info] i  deploying hosting 
[debug] [2022-03-14T08:03:44.767Z] >>> [apiv2][query] GET https://firebase.googleapis.com/v1beta1/projects/tkoh-private-collaboration [none]
[debug] [2022-03-14T08:03:45.685Z] <<< [apiv2][status] GET https://firebase.googleapis.com/v1beta1/projects/tkoh-private-collaboration 200
[debug] [2022-03-14T08:03:45.685Z] <<< [apiv2][body] GET https://firebase.googleapis.com/v1beta1/projects/tkoh-private-collaboration {"projectId":"tkoh-private-collaboration","projectNumber":"490138318587","displayName":"TKOH Private Collaboration","name":"projects/tkoh-private-collaboration","resources":{"hostingSite":"tkoh-private-collaboration","storageBucket":"tkoh-private-collaboration.appspot.com","locationId":"asia-southeast1"},"state":"ACTIVE"}
[debug] [2022-03-14T08:03:45.687Z] >>> [apiv2][query] POST https://firebasehosting.googleapis.com/v1beta1/projects/490138318587/sites/tkoh-private-collaboration/versions [none]
[debug] [2022-03-14T08:03:45.687Z] >>> [apiv2][body] POST https://firebasehosting.googleapis.com/v1beta1/projects/490138318587/sites/tkoh-private-collaboration/versions {"config":{"rewrites":[{"glob":"**","path":"/index.html"}]},"labels":{"deployment-tool":"cli-firebase"}}
[debug] [2022-03-14T08:03:48.450Z] <<< [apiv2][status] POST https://firebasehosting.googleapis.com/v1beta1/projects/490138318587/sites/tkoh-private-collaboration/versions 200
[debug] [2022-03-14T08:03:48.450Z] <<< [apiv2][body] POST https://firebasehosting.googleapis.com/v1beta1/projects/490138318587/sites/tkoh-private-collaboration/versions {"name":"projects/490138318587/sites/tkoh-private-collaboration/versions/84150a7010d66a07","status":"CREATED","config":{"rewrites":[{"glob":"**","path":"/index.html"}]},"labels":{"deployment-tool":"cli-firebase"}}
[info] i  hosting[tkoh-private-collaboration]: beginning deploy... 
[info] i  hosting[tkoh-private-collaboration]: found 14 files in build 
[debug] [2022-03-14T08:03:48.719Z] [hosting] hash cache [YnVpbGQ] stored for 14 files
[debug] [2022-03-14T08:03:48.719Z] [hosting][hash queue][FINAL] {"max":256,"min":6,"avg":29.5,"active":0,"complete":14,"success":14,"errored":0,"retried":0,"total":14,"elapsed":260}
[debug] [2022-03-14T08:03:48.719Z] >>> [apiv2][query] POST https://firebasehosting.googleapis.com/v1beta1/projects/490138318587/sites/tkoh-private-collaboration/versions/84150a7010d66a07:populateFiles [none]
[debug] [2022-03-14T08:03:48.719Z] >>> [apiv2][body] POST https://firebasehosting.googleapis.com/v1beta1/projects/490138318587/sites/tkoh-private-collaboration/versions/84150a7010d66a07:populateFiles {"files":{"/asset-manifest.json":"79954d9a047aeaeb9b1160e17ac3a08d649f806fc412131f763c35efa7bf5b55","/index.html":"aa88647fae7db7ef9c8a5b85163daaf84f914b563fd90b7b428e6d17d292e854","/manifest.json":"e393d4143f1ca7d9629beb873b2e638d6e7d308edd87ad6fd7c72127438f2777","/robots.txt":"391d14b3c2f8c9143a27a28c7399585142228d4d1bdbe2c87ac946de411fa9a2","/favicon.ico":"9510fb69bf3b28641928e5733472b91a047a24644cfcc142271d929fabacd2fb","/static/js/787.923b691f.chunk.js":"1571c87d3044af4a1dc932980cde97bbf34c23f441956632ae6f5cd05e99710f","/static/js/787.923b691f.chunk.js.map":"ccc4843f120d12a02ee90209581f38acc21930a0f595aba57c682ec5b9bf37a1","/static/js/main.34b37778.js.LICENSE.txt":"88843a0e3304b6ca120c30cee6726ec3eeb20b0f039fb2635f55dae38325ab5a","/logo196.png":"ac97e15ad44992eb0f32d11cd7715a4eeca31909ee17282da804837db1efe380","/static/css/main.a8c8495b.css":"eebc1fecf38161cb9473a968cf9edcbbe1b7a4df03b4a5eace777e8ebb43efce","/logo512.png":"9208dd12f01f4aa8ccedb742b29070aae3e1d7cc29eea8ed6df314886f3b3825","/static/js/main.34b37778.js":"c8b098d0764bc5bcd17e2a9261df515b9a044af5a9bd6c30ce0566833821a740","/static/css/main.a8c8495b.css.map":"3fcbf145effc5defaf92e9458b85f89917bcc850120525fb4ac25f0590433fba","/static/js/main.34b37778.js.map":"46127ff417e427c31111cf78002ac69d57b86e9c4c81d86af4373af3db556dff"}}
[debug] [2022-03-14T08:03:50.601Z] <<< [apiv2][status] POST https://firebasehosting.googleapis.com/v1beta1/projects/490138318587/sites/tkoh-private-collaboration/versions/84150a7010d66a07:populateFiles 200
[debug] [2022-03-14T08:03:50.602Z] <<< [apiv2][body] POST https://firebasehosting.googleapis.com/v1beta1/projects/490138318587/sites/tkoh-private-collaboration/versions/84150a7010d66a07:populateFiles {"uploadRequiredHashes":["46127ff417e427c31111cf78002ac69d57b86e9c4c81d86af4373af3db556dff","aa88647fae7db7ef9c8a5b85163daaf84f914b563fd90b7b428e6d17d292e854","79954d9a047aeaeb9b1160e17ac3a08d649f806fc412131f763c35efa7bf5b55","3fcbf145effc5defaf92e9458b85f89917bcc850120525fb4ac25f0590433fba","eebc1fecf38161cb9473a968cf9edcbbe1b7a4df03b4a5eace777e8ebb43efce","c8b098d0764bc5bcd17e2a9261df515b9a044af5a9bd6c30ce0566833821a740"],"uploadUrl":"https://upload-firebasehosting.googleapis.com/upload/sites/tkoh-private-collaboration/versions/84150a7010d66a07/files"}
[debug] [2022-03-14T08:03:50.604Z] >>> [apiv2][query] POST https://upload-firebasehosting.googleapis.com/upload/sites/tkoh-private-collaboration/versions/84150a7010d66a07/files/46127ff417e427c31111cf78002ac69d57b86e9c4c81d86af4373af3db556dff [none]
[debug] [2022-03-14T08:03:50.604Z] >>> [apiv2][body] POST https://upload-firebasehosting.googleapis.com/upload/sites/tkoh-private-collaboration/versions/84150a7010d66a07/files/46127ff417e427c31111cf78002ac69d57b86e9c4c81d86af4373af3db556dff [stream]
[debug] [2022-03-14T08:03:50.605Z] >>> [apiv2][query] POST https://upload-firebasehosting.googleapis.com/upload/sites/tkoh-private-collaboration/versions/84150a7010d66a07/files/aa88647fae7db7ef9c8a5b85163daaf84f914b563fd90b7b428e6d17d292e854 [none]
[debug] [2022-03-14T08:03:50.605Z] >>> [apiv2][body] POST https://upload-firebasehosting.googleapis.com/upload/sites/tkoh-private-collaboration/versions/84150a7010d66a07/files/aa88647fae7db7ef9c8a5b85163daaf84f914b563fd90b7b428e6d17d292e854 [stream]
[debug] [2022-03-14T08:03:50.606Z] >>> [apiv2][query] POST https://upload-firebasehosting.googleapis.com/upload/sites/tkoh-private-collaboration/versions/84150a7010d66a07/files/79954d9a047aeaeb9b1160e17ac3a08d649f806fc412131f763c35efa7bf5b55 [none]
[debug] [2022-03-14T08:03:50.607Z] >>> [apiv2][body] POST https://upload-firebasehosting.googleapis.com/upload/sites/tkoh-private-collaboration/versions/84150a7010d66a07/files/79954d9a047aeaeb9b1160e17ac3a08d649f806fc412131f763c35efa7bf5b55 [stream]
[debug] [2022-03-14T08:03:50.607Z] >>> [apiv2][query] POST https://upload-firebasehosting.googleapis.com/upload/sites/tkoh-private-collaboration/versions/84150a7010d66a07/files/3fcbf145effc5defaf92e9458b85f89917bcc850120525fb4ac25f0590433fba [none]
[debug] [2022-03-14T08:03:50.607Z] >>> [apiv2][body] POST https://upload-firebasehosting.googleapis.com/upload/sites/tkoh-private-collaboration/versions/84150a7010d66a07/files/3fcbf145effc5defaf92e9458b85f89917bcc850120525fb4ac25f0590433fba [stream]
[debug] [2022-03-14T08:03:50.608Z] >>> [apiv2][query] POST https://upload-firebasehosting.googleapis.com/upload/sites/tkoh-private-collaboration/versions/84150a7010d66a07/files/eebc1fecf38161cb9473a968cf9edcbbe1b7a4df03b4a5eace777e8ebb43efce [none]
[debug] [2022-03-14T08:03:50.608Z] >>> [apiv2][body] POST https://upload-firebasehosting.googleapis.com/upload/sites/tkoh-private-collaboration/versions/84150a7010d66a07/files/eebc1fecf38161cb9473a968cf9edcbbe1b7a4df03b4a5eace777e8ebb43efce [stream]
[debug] [2022-03-14T08:03:50.609Z] >>> [apiv2][query] POST https://upload-firebasehosting.googleapis.com/upload/sites/tkoh-private-collaboration/versions/84150a7010d66a07/files/c8b098d0764bc5bcd17e2a9261df515b9a044af5a9bd6c30ce0566833821a740 [none]
[debug] [2022-03-14T08:03:50.609Z] >>> [apiv2][body] POST https://upload-firebasehosting.googleapis.com/upload/sites/tkoh-private-collaboration/versions/84150a7010d66a07/files/c8b098d0764bc5bcd17e2a9261df515b9a044af5a9bd6c30ce0566833821a740 [stream]
[debug] [2022-03-14T08:03:50.610Z] [hosting][populate queue][FINAL] {"max":1886,"min":1886,"avg":1886,"active":0,"complete":1,"success":1,"errored":0,"retried":0,"total":1,"elapsed":1892}
[debug] [2022-03-14T08:03:50.610Z] [hosting] uploads queued: 6
